0 verbose cli C:\Program Files\nodejs\node.exe C:\Program Files\nodejs\node_modules\npm\bin\npm-cli.js
1 info using npm@11.12.1
2 info using node@v24.15.0
3 silly config load:file:C:\Program Files\nodejs\node_modules\npm\npmrc
4 silly config load:file:H:\kickscrew\KICKS CREW ME – Marketing & Content Assistant\.shopify-cli\.npmrc
5 silly config load:file:C:\Users\Aures\.npmrc
6 silly config load:file:H:\kickscrew\KICKS CREW ME – Marketing & Content Assistant\.shopify-cli\etc\npmrc
7 verbose title npm install @shopify/cli@latest
8 verbose argv "install" "@shopify/cli@latest" "--prefix" "H:\\kickscrew\\KICKS CREW ME – Marketing & Content Assistant\\.shopify-cli"
9 verbose logfile logs-max:10 dir:H:\kickscrew\KICKS CREW ME – Marketing & Content Assistant\.npm-cache\_logs\2026-05-04T10_14_46_990Z-
10 verbose logfile H:\kickscrew\KICKS CREW ME – Marketing & Content Assistant\.npm-cache\_logs\2026-05-04T10_14_46_990Z-debug-0.log
11 silly logfile done cleaning log files
12 silly packumentCache heap:2348810240 maxSize:587202560 maxEntrySize:293601280
13 silly packumentCache corgi:https://registry.npmjs.org/@shopify%2fcli cache-miss
14 http fetch GET https://registry.npmjs.org/@shopify%2fcli attempt 1 failed with EACCES
15 http fetch GET https://registry.npmjs.org/npm attempt 1 failed with EACCES
16 http fetch GET https://registry.npmjs.org/@shopify%2fcli attempt 2 failed with EACCES
17 http fetch GET https://registry.npmjs.org/npm attempt 2 failed with EACCES
18 http fetch GET https://registry.npmjs.org/@shopify%2fcli attempt 3 failed with EACCES
19 http fetch GET https://registry.npmjs.org/npm attempt 3 failed with EACCES
20 verbose type system
21 verbose stack FetchError: request to https://registry.npmjs.org/@shopify%2fcli failed, reason: 
21 verbose stack     at ClientRequest.<anonymous> (C:\Program Files\nodejs\node_modules\npm\node_modules\minipass-fetch\lib\index.js:130:14)
21 verbose stack     at ClientRequest.emit (node:events:509:28)
21 verbose stack     at emitErrorEvent (node:_http_client:109:11)
21 verbose stack     at _destroy (node:_http_client:993:9)
21 verbose stack     at onSocketNT (node:_http_client:1013:5)
21 verbose stack     at process.processTicksAndRejections (node:internal/process/task_queues:91:21)
22 error code EACCES
23 error errno EACCES
24 error FetchError: request to https://registry.npmjs.org/@shopify%2fcli failed, reason: 
24 error     at ClientRequest.<anonymous> (C:\Program Files\nodejs\node_modules\npm\node_modules\minipass-fetch\lib\index.js:130:14)
24 error     at ClientRequest.emit (node:events:509:28)
24 error     at emitErrorEvent (node:_http_client:109:11)
24 error     at _destroy (node:_http_client:993:9)
24 error     at onSocketNT (node:_http_client:1013:5)
24 error     at process.processTicksAndRejections (node:internal/process/task_queues:91:21) {
24 error   code: 'EACCES',
24 error   errno: 'EACCES',
24 error   type: 'system'
24 error }
25 error
25 error The operation was rejected by your operating system.
25 error It's possible that the file was already in use (by a text editor or antivirus), or that you lack permissions to access it.
25 error
25 error If you believe this might be a permissions issue, please double-check the permissions of the file and its containing directories, or try running the command again as root/Administrator.
26 silly unfinished npm timer reify 1777889688105
27 silly unfinished npm timer reify:loadTrees 1777889688136
28 silly unfinished npm timer idealTree:userRequests 1777889688148
29 verbose cwd H:\kickscrew\KICKS CREW ME – Marketing & Content Assistant
30 verbose os Windows_NT 10.0.26200
31 verbose node v24.15.0
32 verbose npm  v11.12.1
33 verbose exit 1
34 verbose code 1
35 error A complete log of this run can be found in: H:\kickscrew\KICKS CREW ME – Marketing & Content Assistant\.npm-cache\_logs\2026-05-04T10_14_46_990Z-debug-0.log
